android/proguard/seeds.txt
com.ayrten.scrots.android.AdLauncher: AdLauncher()
com.ayrten.scrots.android.AndroidLauncher
com.ayrten.scrots.android.AndroidLauncher: AndroidLauncher()
com.ayrten.scrots.android.R$attr: int adSize
com.ayrten.scrots.android.R$attr: int adSizes
com.ayrten.scrots.android.R$attr: int adUnitId
com.ayrten.scrots.android.R$attr: int appTheme
com.ayrten.scrots.android.R$attr: int buyButtonAppearance
com.ayrten.scrots.android.R$attr: int buyButtonHeight
com.ayrten.scrots.android.R$attr: int buyButtonText
com.ayrten.scrots.android.R$attr: int buyButtonWidth
com.ayrten.scrots.android.R$attr: int cameraBearing
com.ayrten.scrots.android.R$attr: int cameraTargetLat
com.ayrten.scrots.android.R$attr: int cameraTargetLng
com.ayrten.scrots.android.R$attr: int cameraTilt
com.ayrten.scrots.android.R$attr: int cameraZoom
com.ayrten.scrots.android.R$attr: int circleCrop
com.ayrten.scrots.android.R$attr: int environment
com.ayrten.scrots.android.R$attr: int fragmentMode
com.ayrten.scrots.android.R$attr: int fragmentStyle
com.ayrten.scrots.android.R$attr: int imageAspectRatio
com.ayrten.scrots.android.R$attr: int imageAspectRatioAdjust
com.ayrten.scrots.android.R$attr: int liteMode
com.ayrten.scrots.android.R$attr: int mapType
com.ayrten.scrots.android.R$attr: int maskedWalletDetailsBackground
com.ayrten.scrots.android.R$attr: int maskedWalletDetailsButtonBackground
com.ayrten.scrots.android.R$attr: int maskedWalletDetailsButtonTextAppearance
com.ayrten.scrots.android.R$attr: int maskedWalletDetailsHeaderTextAppearance
com.ayrten.scrots.android.R$attr: int maskedWalletDetailsLogoImageType
com.ayrten.scrots.android.R$color: int common_action_bar_splitter
com.ayrten.scrots.android.R$color: int common_signin_btn_dark_text_default
com.ayrten.scrots.android.R$color: int common_signin_btn_dark_text_disabled
com.ayrten.scrots.android.R$color: int common_signin_btn_dark_text_focused
com.ayrten.scrots.android.R$color: int common_signin_btn_dark_text_pressed
com.ayrten.scrots.android.R$color: int common_signin_btn_default_background
com.ayrten.scrots.android.R$color: int common_signin_btn_light_text_default
com.ayrten.scrots.android.R$color: int common_signin_btn_light_text_disabled
com.ayrten.scrots.android.R$color: int common_signin_btn_light_text_focused
com.ayrten.scrots.android.R$color: int common_signin_btn_light_text_pressed
com.ayrten.scrots.android.R$color: int common_signin_btn_text_dark
com.ayrten.scrots.android.R$color: int common_signin_btn_text_light
com.ayrten.scrots.android.R$color: int wallet_bright_foreground_disabled_holo_light
com.ayrten.scrots.android.R$color: int wallet_bright_foreground_holo_dark
com.ayrten.scrots.android.R$color: int wallet_bright_foreground_holo_light
com.ayrten.scrots.android.R$color: int wallet_dim_foreground_disabled_holo_dark
com.ayrten.scrots.android.R$color: int wallet_dim_foreground_holo_dark
com.ayrten.scrots.android.R$color: int wallet_dim_foreground_inverse_disabled_holo_dark
com.ayrten.scrots.android.R$color: int wallet_dim_foreground_inverse_holo_dark
...
com.badlogic.gdx.graphics.g2d.Animation$PlayMode
com.badlogic.gdx.graphics.g2d.Animation$PlayMode: com.badlogic.gdx.graphics.g2d.Animation$PlayMode NORMAL
com.badlogic.gdx.graphics.g2d.Animation$PlayMode: com.badlogic.gdx.graphics.g2d.Animation$PlayMode REVERSED
com.badlogic.gdx.graphics.g2d.Animation$PlayMode: com.badlogic.gdx.graphics.g2d.Animation$PlayMode LOOP
com.badlogic.gdx.graphics.g2d.Animation$PlayMode: com.badlogic.gdx.graphics.g2d.Animation$PlayMode LOOP_REVERSED
com.badlogic.gdx.graphics.g2d.Animation$PlayMode: com.badlogic.gdx.graphics.g2d.Animation$PlayMode LOOP_PINGPONG
com.badlogic.gdx.graphics.g2d.Animation$PlayMode: com.badlogic.gdx.graphics.g2d.Animation$PlayMode LOOP_RANDOM
com.badlogic.gdx.graphics.g2d.Animation$PlayMode: com.badlogic.gdx.graphics.g2d.Animation$PlayMode[] $VALUES
com.badlogic.gdx.graphics.g2d.Animation$PlayMode: com.badlogic.gdx.graphics.g2d.Animation$PlayMode[] values()
com.badlogic.gdx.graphics.g2d.Animation$PlayMode: com.badlogic.gdx.graphics.g2d.Animation$PlayMode valueOf(java.lang.String)
com.badlogic.gdx.graphics.g2d.Animation$PlayMode: Animation$PlayMode(java.lang.String,int)
com.badlogic.gdx.graphics.g2d.Animation$PlayMode: void <clinit>()
com.badlogic.gdx.graphics.g2d.Batch
com.badlogic.gdx.graphics.g2d.Batch: int X1
com.badlogic.gdx.graphics.g2d.Batch: int Y1
com.badlogic.gdx.graphics.g2d.Batch: int C1
com.badlogic.gdx.graphics.g2d.Batch: int U1
com.badlogic.gdx.graphics.g2d.Batch: int V1
com.badlogic.gdx.graphics.g2d.Batch: int X2
com.badlogic.gdx.graphics.g2d.Batch: int Y2
com.badlogic.gdx.graphics.g2d.Batch: int C2
com.badlogic.gdx.graphics.g2d.Batch: int U2
com.badlogic.gdx.graphics.g2d.Batch: int V2
com.badlogic.gdx.graphics.g2d.Batch: int X3
com.badlogic.gdx.graphics.g2d.Batch: int Y3
com.badlogic.gdx.graphics.g2d.Batch: int C3
com.badlogic.gdx.graphics.g2d.Batch: int U3
com.badlogic.gdx.graphics.g2d.Batch: int V3
com.badlogic.gdx.graphics.g2d.Batch: int X4
com.badlogic.gdx.graphics.g2d.Batch: int Y4
com.badlogic.gdx.graphics.g2d.Batch: int C4
com.badlogic.gdx.graphics.g2d.Batch: int U4
com.badlogic.gdx.graphics.g2d.Batch: int V4
com.badlogic.gdx.graphics.g2d.Batch: void begin()
com.badlogic.gdx.graphics.g2d.Batch: void end()
com.badlogic.gdx.graphics.g2d.Batch: void setColor(com.badlogic.gdx.graphics.Color)
com.badlogic.gdx.graphics.g2d.Batch: void setColor(float,float,float,float)
com.badlogic.gdx.graphics.g2d.Batch: void setColor(float)
com.badlogic.gdx.graphics.g2d.Batch: com.badlogic.gdx.graphics.Color getColor()
com.badlogic.gdx.graphics.g2d.Batch: void draw(com.badlogic.gdx.graphics.Texture,float,float,float,float,float,float,float,float,float,int,int,int,int,boolean,boolean)