android/proguard/mapping.txt
com.ayrten.scrots.android.AdLauncher -> com.ayrten.scrots.android.a:
    com.google.android.gms.ads.AdView adView -> a
    com.google.android.gms.ads.AdRequest adRequest -> c
    android.widget.RelativeLayout layout -> d
    com.ayrten.scrots.android.YesNoDialog dialog -> e
    com.ayrten.scrots.android.GameOverDialog gameOverDialog -> f
    android.widget.RelativeLayout$LayoutParams adParams -> g
    android.os.Handler handler -> b
    void onCreate(android.os.Bundle) -> onCreate
    void showAd() -> a
    void hideAd() -> b
    void shouldShowAd(boolean) -> a
    void showToast(java.lang.String) -> a
    void copyTextToClipboard(java.lang.String) -> b
    void makeYesNoWindow(java.lang.String,com.ayrten.scrots.manager.ButtonInterface,com.ayrten.scrots.manager.ButtonInterface,int) -> a
    void makeWindow(java.lang.String,java.lang.String,java.lang.String,com.ayrten.scrots.manager.ButtonInterface,com.ayrten.scrots.manager.ButtonInterface,int) -> a
    void makeGameOverDialog(com.ayrten.scrots.manager.ButtonInterface,com.ayrten.scrots.manager.ButtonInterface,int) -> a
    void makeGameOverDialogHighScore(com.ayrten.scrots.screens.GameScreen,com.ayrten.scrots.manager.ButtonInterface,com.ayrten.scrots.manager.ButtonInterface,int) -> a
    void access$0(com.ayrten.scrots.android.AdLauncher) -> a
    void access$1(com.ayrten.scrots.android.AdLauncher) -> b
    com.ayrten.scrots.android.YesNoDialog access$2(com.ayrten.scrots.android.AdLauncher) -> c
com.ayrten.scrots.android.AdLauncher$1 -> com.ayrten.scrots.android.b:
    com.ayrten.scrots.android.AdLauncher this$0 -> a
    void handleMessage(android.os.Message) -> handleMessage
com.ayrten.scrots.android.AdLauncher$2 -> com.ayrten.scrots.android.c:
    com.ayrten.scrots.android.AdLauncher this$0 -> a
    java.lang.String val$msg -> b
    void run() -> run
com.ayrten.scrots.android.AdLauncher$3 -> com.ayrten.scrots.android.d:
    com.ayrten.scrots.android.AdLauncher this$0 -> a
    java.lang.String val$text -> b
    void run() -> run
com.ayrten.scrots.android.AdLauncher$4 -> com.ayrten.scrots.android.e:
    com.ayrten.scrots.android.AdLauncher this$0 -> a
    int val$color -> b
    java.lang.String val$title -> c
    com.ayrten.scrots.manager.ButtonInterface val$yes_interface -> d
    com.ayrten.scrots.manager.ButtonInterface val$no_interface -> e
    void run() -> run
com.ayrten.scrots.android.AdLauncher$5 -> com.ayrten.scrots.android.f:
    com.ayrten.scrots.android.AdLauncher this$0 -> a
    int val$color -> b
    java.lang.String val$title -> c
    java.lang.String val$yes_button -> d
    java.lang.String val$no_button -> e
    com.ayrten.scrots.manager.ButtonInterface val$yes_interface -> f
    com.ayrten.scrots.manager.ButtonInterface val$no_interface -> g
    void run() -> run
com.ayrten.scrots.android.AdLauncher$6 -> com.ayrten.scrots.android.g:
    com.ayrten.scrots.android.AdLauncher this$0 -> a
    int val$color -> b
    com.ayrten.scrots.manager.ButtonInterface val$yes_interface -> c
    com.ayrten.scrots.manager.ButtonInterface val$no_interface -> d
    void run() -> run
com.ayrten.scrots.android.AdLauncher$7 -> com.ayrten.scrots.android.h:
    com.ayrten.scrots.android.AdLauncher this$0 -> a
    int val$color -> b
    com.ayrten.scrots.screens.GameScreen val$gameScreen -> c
    com.ayrten.scrots.manager.ButtonInterface val$yes_interface -> d
    com.ayrten.scrots.manager.ButtonInterface val$no_interface -> e
    void run() -> run
com.ayrten.scrots.android.AndroidLauncher -> com.ayrten.scrots.android.AndroidLauncher:
    void onCreate(android.os.Bundle) -> onCreate
com.ayrten.scrots.android.FontsOverride -> com.ayrten.scrots.android.i:
    void setDefaultFont(android.content.Context,java.lang.String,java.lang.String) -> a
    void replaceFont(java.lang.String,android.graphics.Typeface) -> a
...
com.google.android.gms.maps.model.internal.b -> com.google.android.gms.maps.model.internal.b:
    com.google.android.gms.maps.model.internal.a dp(android.os.Parcel) -> a
    com.google.android.gms.maps.model.internal.a[] fl(int) -> a
    void a(com.google.android.gms.maps.model.internal.a,android.os.Parcel,int) -> a
    java.lang.Object[] newArray(int) -> newArray
    java.lang.Object createFromParcel(android.os.Parcel) -> createFromParcel
com.google.android.gms.maps.model.internal.c -> com.google.android.gms.maps.model.internal.c:
    com.google.android.gms.maps.model.internal.d CREATOR -> a
    int CK -> b
    int type -> c
    android.os.Bundle amK -> d
    void writeToParcel(android.os.Parcel,int) -> writeToParcel
    int describeContents() -> describeContents
    int getVersionCode() -> a
    int getType() -> b
    android.os.Bundle oi() -> c
com.google.android.gms.maps.model.internal.d -> com.google.android.gms.maps.model.internal.d:
    com.google.android.gms.maps.model.internal.c dq(android.os.Parcel) -> a
    com.google.android.gms.maps.model.internal.c[] fm(int) -> a
    void a(com.google.android.gms.maps.model.internal.c,android.os.Parcel,int) -> a
    java.lang.Object[] newArray(int) -> newArray
    java.lang.Object createFromParcel(android.os.Parcel) -> createFromParcel
com.google.android.gms.maps.model.internal.e -> com.google.android.gms.maps.model.internal.e:
    com.google.android.gms.maps.model.internal.f CREATOR -> a
    int CK -> b
    com.google.android.gms.maps.model.internal.a amM -> c
    void writeToParcel(android.os.Parcel,int) -> writeToParcel
    int describeContents() -> describeContents
    int getVersionCode() -> a
    com.google.android.gms.maps.model.internal.a oj() -> b
com.google.android.gms.maps.model.internal.f -> com.google.android.gms.maps.model.internal.f:
    com.google.android.gms.maps.model.internal.e dr(android.os.Parcel) -> a
    com.google.android.gms.maps.model.internal.e[] fn(int) -> a
    void a(com.google.android.gms.maps.model.internal.e,android.os.Parcel,int) -> a
    java.lang.Object[] newArray(int) -> newArray
    java.lang.Object createFromParcel(android.os.Parcel) -> createFromParcel
com.google.android.gms.maps.model.internal.o -> com.google.android.gms.maps.model.internal.g:
    com.google.android.gms.maps.model.Tile getTile(int,int,int) -> a
com.google.android.gms.maps.model.internal.o$a -> com.google.android.gms.maps.model.internal.h:
    com.google.android.gms.maps.model.internal.o bE(android.os.IBinder) -> a
    android.os.IBinder asBinder() -> asBinder
    boolean onTransact(int,android.os.Parcel,android.os.Parcel,int) -> onTransact
com.google.android.gms.maps.model.internal.o$a$a -> com.google.android.gms.maps.model.internal.i:
    android.os.IBinder le -> a
    android.os.IBinder asBinder() -> asBinder
    com.google.android.gms.maps.model.Tile getTile(int,int,int) -> a
com.google.android.gms.maps.model.internal.p -> com.google.android.gms.maps.model.internal.p:
    com.google.android.gms.maps.model.internal.q CREATOR -> a
    int CK -> b
    com.google.android.gms.maps.model.internal.a amN -> c
    void writeToParcel(android.os.Parcel,int) -> writeToParcel
    int describeContents() -> describeContents
    int getVersionCode() -> a
    com.google.android.gms.maps.model.internal.a ol() -> b
com.google.android.gms.maps.model.internal.q -> com.google.android.gms.maps.model.internal.j:
    com.google.android.gms.maps.model.internal.p ds(android.os.Parcel) -> a
    com.google.android.gms.maps.model.internal.p[] fp(int) -> a
    void a(com.google.android.gms.maps.model.internal.p,android.os.Parcel,int) -> a
    java.lang.Object[] newArray(int) -> newArray
    java.lang.Object createFromParcel(android.os.Parcel) -> createFromParcel
com.google.android.gms.maps.model.j -> com.google.android.gms.maps.model.n:
    void a(com.google.android.gms.maps.model.LatLng,android.os.Parcel,int) -> a