android/proguard/usage.txt
com.ayrten.scrots.android.AdLauncher:
    private static final int SHOW_ADS
    private static final int HIDE_ADS
    private static final int SHOW_TOAST
    private static final int BLACK
    private static final int WHITE
com.ayrten.scrots.android.AndroidMusic
com.ayrten.scrots.android.AndroidMusic$1
com.ayrten.scrots.android.BuildConfig
com.ayrten.scrots.android.FontsOverride:
    7:7:public FontsOverride()
com.ayrten.scrots.android.R
com.ayrten.scrots.android.R$attr
com.ayrten.scrots.android.R$color
com.ayrten.scrots.android.R$drawable
com.ayrten.scrots.android.R$id
com.ayrten.scrots.android.R$integer
com.ayrten.scrots.android.R$layout
com.ayrten.scrots.android.R$raw
com.ayrten.scrots.android.R$string
com.ayrten.scrots.android.R$style
com.ayrten.scrots.android.R$styleable
...
com.google.android.gms.maps.SupportMapFragment
com.google.android.gms.maps.SupportMapFragment$a
com.google.android.gms.maps.SupportMapFragment$a$1
com.google.android.gms.maps.SupportMapFragment$b
com.google.android.gms.maps.SupportStreetViewPanoramaFragment
com.google.android.gms.maps.SupportStreetViewPanoramaFragment$a
com.google.android.gms.maps.SupportStreetViewPanoramaFragment$a$1
com.google.android.gms.maps.SupportStreetViewPanoramaFragment$b
com.google.android.gms.maps.UiSettings
com.google.android.gms.maps.internal.ICameraUpdateFactoryDelegate
com.google.android.gms.maps.internal.ICameraUpdateFactoryDelegate$a
com.google.android.gms.maps.internal.ICameraUpdateFactoryDelegate$a$a
com.google.android.gms.maps.internal.IGoogleMapDelegate
com.google.android.gms.maps.internal.IGoogleMapDelegate$a
com.google.android.gms.maps.internal.IGoogleMapDelegate$a$a
com.google.android.gms.maps.internal.ILocationSourceDelegate
com.google.android.gms.maps.internal.ILocationSourceDelegate$a
com.google.android.gms.maps.internal.ILocationSourceDelegate$a$a
com.google.android.gms.maps.internal.IMapFragmentDelegate
com.google.android.gms.maps.internal.IMapFragmentDelegate$a
com.google.android.gms.maps.internal.IMapFragmentDelegate$a$a
com.google.android.gms.maps.internal.IMapViewDelegate
com.google.android.gms.maps.internal.IMapViewDelegate$a
com.google.android.gms.maps.internal.IMapViewDelegate$a$a
com.google.android.gms.maps.internal.IProjectionDelegate
com.google.android.gms.maps.internal.IProjectionDelegate$a
com.google.android.gms.maps.internal.IProjectionDelegate$a$a
com.google.android.gms.maps.internal.IStreetViewPanoramaDelegate
com.google.android.gms.maps.internal.IStreetViewPanoramaDelegate$a
com.google.android.gms.maps.internal.IStreetViewPanoramaDelegate$a$a
com.google.android.gms.maps.internal.IStreetViewPanoramaFragmentDelegate
com.google.android.gms.maps.internal.IStreetViewPanoramaFragmentDelegate$a
com.google.android.gms.maps.internal.IStreetViewPanoramaFragmentDelegate$a$a
com.google.android.gms.maps.internal.IStreetViewPanoramaViewDelegate
com.google.android.gms.maps.internal.IStreetViewPanoramaViewDelegate$a
com.google.android.gms.maps.internal.IStreetViewPanoramaViewDelegate$a$a
com.google.android.gms.maps.internal.IUiSettingsDelegate
com.google.android.gms.maps.internal.IUiSettingsDelegate$a
com.google.android.gms.maps.internal.IUiSettingsDelegate$a$a
com.google.android.gms.maps.internal.MapLifecycleDelegate
com.google.android.gms.maps.internal.StreetViewLifecycleDelegate
com.google.android.gms.maps.internal.b
com.google.android.gms.maps.internal.b$a
com.google.android.gms.maps.internal.b$a$a
com.google.android.gms.maps.internal.c
com.google.android.gms.maps.internal.c$a
com.google.android.gms.maps.internal.c$a$a
com.google.android.gms.maps.internal.d
com.google.android.gms.maps.internal.d$a
com.google.android.gms.maps.internal.d$a$a
com.google.android.gms.maps.internal.e
com.google.android.gms.maps.internal.e$a
com.google.android.gms.maps.internal.e$a$a
com.google.android.gms.maps.internal.f
com.google.android.gms.maps.internal.f$a
com.google.android.gms.maps.internal.f$a$a
com.google.android.gms.maps.internal.g
com.google.android.gms.maps.internal.g$a
com.google.android.gms.maps.internal.g$a$a
com.google.android.gms.maps.internal.h
com.google.android.gms.maps.internal.h$a
com.google.android.gms.maps.internal.h$a$a
com.google.android.gms.maps.internal.i
com.google.android.gms.maps.internal.i$a
com.google.android.gms.maps.internal.i$a$a
com.google.android.gms.maps.internal.j
com.google.android.gms.maps.internal.j$a
com.google.android.gms.maps.internal.j$a$a
com.google.android.gms.maps.internal.k
com.google.android.gms.maps.internal.k$a
com.google.android.gms.maps.internal.k$a$a
com.google.android.gms.maps.internal.l
com.google.android.gms.maps.internal.l$a
com.google.android.gms.maps.internal.l$a$a
com.google.android.gms.maps.internal.m
com.google.android.gms.maps.internal.m$a
com.google.android.gms.maps.internal.m$a$a